<?xml version="1.0" encoding="UTF-8"?>
<!-- Generated by org.testng.reporters.JUnitXMLReporter -->
<testsuite ignored="0" hostname="LAPTOP-M1JCPL9M" failures="0" tests="3" name="Default test" time="0.113" errors="0" timestamp="2024-06-10T22:34:19 IST">
  <testcase classname="dataDrivenTesting.ReadCSVFile" name="readCsvFile" time="0.011"/>
  <testcase classname="dataDrivenTesting.ReadCSVFile" name="readCsvFile" time="0.002"/>
  <testcase classname="dataDrivenTesting.ReadCSVFile" name="readCsvFile" time="0.003"/>
</testsuite> <!-- Default test -->
