<?xml version="1.0" encoding="UTF-8"?>
<!-- Generated by org.testng.reporters.JUnitXMLReporter -->
<testsuite ignored="0" hostname="LAPTOP-M1JCPL9M" failures="3" tests="3" name="All Test Suite " time="4.678" errors="0" timestamp="2024-05-15T12:06:16 IST">
  <testcase classname="io.cucumber.testng.AbstractTestNGCucumberTests" name="runScenario" time="2.302">
    <failure type="java.lang.AssertionError" message="API endpoint availabel expected [201] but found [200]">
      <![CDATA[java.lang.AssertionError: API endpoint availabel expected [201] but found [200]
at com.qa.stepDefinition.HttpReqRes.i_have_a_valid_API_endpoint(HttpReqRes.java:30)
at ✽.I have a valid API endpoint(file:///D:/wkkkspace/RestAssuredBddFramework/src/test/resources/features/HttpReqRes.feature:13)
... Removed 5 stack frames]]>
    </failure>
  </testcase> <!-- runScenario -->
  <testcase classname="io.cucumber.testng.AbstractTestNGCucumberTests" name="runScenario" time="2.302">
    <failure type="java.lang.AssertionError" message="API endpoint availabel expected [201] but found [200]">
      <![CDATA[java.lang.AssertionError: API endpoint availabel expected [201] but found [200]
at com.qa.stepDefinition.HttpReqRes.i_have_a_valid_API_endpoint(HttpReqRes.java:30)
at ✽.I have a valid API endpoint(file:///D:/wkkkspace/RestAssuredBddFramework/src/test/resources/features/HttpReqRes.feature:20)
... Removed 5 stack frames]]>
    </failure>
  </testcase> <!-- runScenario -->
  <testcase classname="io.cucumber.testng.AbstractTestNGCucumberTests" name="runScenario" time="2.327">
    <failure type="java.lang.AssertionError" message="API endpoint availabel expected [201] but found [200]">
      <![CDATA[java.lang.AssertionError: API endpoint availabel expected [201] but found [200]
at com.qa.stepDefinition.HttpReqRes.i_have_a_valid_API_endpoint(HttpReqRes.java:30)
at ✽.I have a valid API endpoint(file:///D:/wkkkspace/RestAssuredBddFramework/src/test/resources/features/HttpReqRes.feature:6)
... Removed 5 stack frames]]>
    </failure>
  </testcase> <!-- runScenario -->
</testsuite> <!-- All Test Suite  -->
