<?xml version="1.0" encoding="UTF-8"?>
<!-- Generated by org.testng.reporters.JUnitXMLReporter -->
<testsuite ignored="0" hostname="LAPTOP-M1JCPL9M" failures="0" tests="9" name="All Test Suite " time="8.069" errors="0" timestamp="2024-05-16T20:17:21 IST">
  <testcase classname="com.qa.rest.test.GetBddGarnest" name="testGet1" time="2.481"/>
  <testcase classname="com.qa.rest.test.GetBddGarnest" name="testGet2" time="0.429"/>
  <testcase classname="io.cucumber.testng.AbstractTestNGCucumberTests" name="runScenario" time="1.151"/>
  <testcase classname="io.cucumber.testng.AbstractTestNGCucumberTests" name="runScenario" time="1.152"/>
  <testcase classname="io.cucumber.testng.AbstractTestNGCucumberTests" name="runScenario" time="1.908"/>
  <testcase classname="com.qa.rest.test.GetAndPost" name="listUsers" time="1.027"/>
  <testcase classname="com.qa.rest.test.GetAndPost" name="createUser" time="0.551"/>
  <testcase classname="com.qa.rest.test.GetAndPost" name="patchUser" time="0.507"/>
  <testcase classname="com.qa.rest.test.GetAndPost" name="deleteUser" time="0.426"/>
</testsuite> <!-- All Test Suite  -->
