<?xml version="1.0" encoding="UTF-8"?>
<testsuite xmlns:xsi="http://www.w3.org/2001/XMLSchema-instance" xsi:noNamespaceSchemaLocation="https://maven.apache.org/surefire/maven-surefire-plugin/xsd/surefire-test-report-3.0.xsd" version="3.0" name="TestSuite" time="5.246" tests="3" errors="0" skipped="0" failures="0">
  <properties>
[...]
</properties>
  <testcase name="runScenario[&quot;Verify Status Code1&quot;, &quot;Optional[Http Get Feature]&quot;](1)" classname="runner.RunCucumberTestNG" time="2.502">
    <system-out><![CDATA[Before execution of suite
Before class
Before method
Before method
Before method

@testNG
Scenario: Verify Status Code2               # src/test/resources/features/HttpReqRes.feature:12

@testNG
Scenario: Verify Status Code3               # src/test/resources/features/HttpReqRes.feature:19

@testNG
Scenario: Verify Status Code1               # src/test/resources/features/HttpReqRes.feature:5
  Given I have a valid API endpoint         # com.qa.stepDefinition.HttpReqRes.i_have_a_valid_API_endpoint()
  Given I have a valid API endpoint         # com.qa.stepDefinition.HttpReqRes.i_have_a_valid_API_endpoint()
  Given I have a valid API endpoint         # com.qa.stepDefinition.HttpReqRes.i_have_a_valid_API_endpoint()
  When I send a GET request                 # com.qa.stepDefinition.HttpReqRes.i_send_a_GET_request()
  Then I should receive a valid status code # com.qa.stepDefinition.HttpReqRes.i_should_receive_a_valid_status_code()
]]></system-out>
  </testcase>
  <testcase name="runScenario[&quot;Verify Status Code2&quot;, &quot;Optional[Http Get Feature]&quot;](2)" classname="runner.RunCucumberTestNG" time="2.507">
    <system-out><![CDATA[Result : [TestResult name=runScenario status=SUCCESS method=AbstractTestNGCucumberTests.runScenario(io.cucumber.testng.PickleWrapper,io.cucumber.testng.FeatureWrapper)[pri:0, instance:runner.RunCucumberTestNG@316bcf94] output={null}]
Name : runScenario
Test Name : null
  When I send a GET request                 # com.qa.stepDefinition.HttpReqRes.i_send_a_GET_request()
resultStatus : 1
  Then I should receive a valid status code # com.qa.stepDefinition.HttpReqRes.i_should_receive_a_valid_status_code()
]]></system-out>
  </testcase>
  <testcase name="runScenario[&quot;Verify Status Code3&quot;, &quot;Optional[Http Get Feature]&quot;](3)" classname="runner.RunCucumberTestNG" time="2.658">
    <system-out><![CDATA[Result : [TestResult name=runScenario status=SUCCESS method=AbstractTestNGCucumberTests.runScenario(io.cucumber.testng.PickleWrapper,io.cucumber.testng.FeatureWrapper)[pri:0, instance:runner.RunCucumberTestNG@316bcf94] output={null}]
Name : runScenario
Test Name : null
resultStatus : 1
  When I send a GET request                 # com.qa.stepDefinition.HttpReqRes.i_send_a_GET_request()
  Then I should receive a valid status code # com.qa.stepDefinition.HttpReqRes.i_should_receive_a_valid_status_code()
]]></system-out>
  </testcase>
</testsuite>