<?xml version="1.0" encoding="UTF-8"?>
<testng-results ignored="0" total="10" passed="10" failed="0" skipped="0">
  <reporter-output>
  </reporter-output>
  <suite started-at="2024-05-28T21:51:49 IST" name="Suite" finished-at="2024-05-28T21:53:04 IST" duration-ms="75270">
    <groups>
      <group name="cucumber">
        <method signature="AbstractTestNGCucumberTests.runScenario(io.cucumber.testng.PickleWrapper,io.cucumber.testng.FeatureWrapper)[pri:0, instance:runner.RunCucumberTestNG@53fb3dab]" name="runScenario" class="io.cucumber.testng.AbstractTestNGCucumberTests"/>
      </group> <!-- cucumber -->
    </groups>
    <test started-at="2024-05-28T21:51:49 IST" name="All Test Suite " finished-at="2024-05-28T21:53:04 IST" duration-ms="75270">
      <class name="runner.RunCucumberTestNG">
        <test-method is-config="true" signature="beforeSuite()[pri:0, instance:runner.RunCucumberTestNG@53fb3dab]" started-at="2024-05-28T21:51:49 IST" name="beforeSuite" finished-at="2024-05-28T21:51:49 IST" duration-ms="12" status="PASS">
          <reporter-output>
          </reporter-output>
        </test-method> <!-- beforeSuite -->
        <test-method is-config="true" signature="setUpClass(org.testng.ITestContext)[pri:0, instance:runner.RunCucumberTestNG@53fb3dab]" started-at="2024-05-28T21:51:49 IST" name="setUpClass" finished-at="2024-05-28T21:51:57 IST" duration-ms="8358" status="PASS">
          <params>
            <param index="0">
              <value>
                <![CDATA[org.testng.TestRunner@14dd7b39]]>
              </value>
            </param>
          </params>
          <reporter-output>
          </reporter-output>
        </test-method> <!-- setUpClass -->
        <test-method signature="runScenario(io.cucumber.testng.PickleWrapper,io.cucumber.testng.FeatureWrapper)[pri:0, instance:runner.RunCucumberTestNG@53fb3dab]" started-at="2024-05-28T21:51:57 IST" name="runScenario" description="Runs Cucumber Scenarios" data-provider="scenarios" finished-at="2024-05-28T21:52:01 IST" duration-ms="4219" status="PASS">
          <params>
            <param index="0">
              <value>
                <![CDATA["Verify Status Code3"]]>
              </value>
            </param>
            <param index="1">
              <value>
                <![CDATA["Optional[Http Get Feature]"]]>
              </value>
            </param>
          </params>
          <reporter-output>
          </reporter-output>
        </test-method> <!-- runScenario -->
        <test-method is-config="true" signature="beforeMethod()[pri:0, instance:runner.RunCucumberTestNG@53fb3dab]" started-at="2024-05-28T21:51:57 IST" name="beforeMethod" finished-at="2024-05-28T21:51:57 IST" duration-ms="16" status="PASS">
          <reporter-output>
          </reporter-output>
        </test-method> <!-- beforeMethod -->
        <test-method is-config="true" signature="beforeClass()[pri:0, instance:runner.RunCucumberTestNG@53fb3dab]" started-at="2024-05-28T21:51:57 IST" name="beforeClass" finished-at="2024-05-28T21:51:57 IST" duration-ms="0" status="PASS">
          <reporter-output>
          </reporter-output>
        </test-method> <!-- beforeClass -->
        <test-method is-config="true" signature="beforeMethod()[pri:0, instance:runner.RunCucumberTestNG@53fb3dab]" started-at="2024-05-28T21:51:57 IST" name="beforeMethod" finished-at="2024-05-28T21:51:57 IST" duration-ms="16" status="PASS">
          <reporter-output>
          </reporter-output>
        </test-method> <!-- beforeMethod -->
        <test-method is-config="true" signature="beforeMethod()[pri:0, instance:runner.RunCucumberTestNG@53fb3dab]" started-at="2024-05-28T21:51:57 IST" name="beforeMethod" finished-at="2024-05-28T21:51:57 IST" duration-ms="0" status="PASS">
          <reporter-output>
          </reporter-output>
        </test-method> <!-- beforeMethod -->
        <test-method signature="runScenario(io.cucumber.testng.PickleWrapper,io.cucumber.testng.FeatureWrapper)[pri:0, instance:runner.RunCucumberTestNG@53fb3dab]" started-at="2024-05-28T21:51:57 IST" name="runScenario" description="Runs Cucumber Scenarios" data-provider="scenarios" finished-at="2024-05-28T21:52:01 IST" duration-ms="4203" status="PASS">
          <params>
            <param index="0">
              <value>
                <![CDATA["Verify Status Code2"]]>
              </value>
            </param>
            <param index="1">
              <value>
                <![CDATA["Optional[Http Get Feature]"]]>
              </value>
            </param>
          </params>
          <reporter-output>
          </reporter-output>
        </test-method> <!-- runScenario -->
        <test-method signature="runScenario(io.cucumber.testng.PickleWrapper,io.cucumber.testng.FeatureWrapper)[pri:0, instance:runner.RunCucumberTestNG@53fb3dab]" started-at="2024-05-28T21:51:57 IST" name="runScenario" description="Runs Cucumber Scenarios" data-provider="scenarios" finished-at="2024-05-28T21:52:01 IST" duration-ms="4203" status="PASS">
          <params>
            <param index="0">
              <value>
                <![CDATA["Verify Status Code1"]]>
              </value>
            </param>
            <param index="1">
              <value>
                <![CDATA["Optional[Http Get Feature]"]]>
              </value>
            </param>
          </params>
          <reporter-output>
          </reporter-output>
        </test-method> <!-- runScenario -->
        <test-method is-config="true" signature="afterMethod(org.testng.ITestResult)[pri:0, instance:runner.RunCucumberTestNG@53fb3dab]" started-at="2024-05-28T21:52:01 IST" name="afterMethod" finished-at="2024-05-28T21:52:01 IST" duration-ms="0" status="PASS">
          <params>
            <param index="0">
              <value>
                <![CDATA[[TestResult name=runScenario status=SUCCESS method=AbstractTestNGCucumberTests.runScenario(io.cucumber.testng.PickleWrapper,io.cucumber.testng.FeatureWrapper)[pri:0, instance:runner.RunCucumberTestNG@53fb3dab] output={null}]]]>
              </value>
            </param>
          </params>
          <reporter-output>
          </reporter-output>
        </test-method> <!-- afterMethod -->
        <test-method is-config="true" signature="afterMethod(org.testng.ITestResult)[pri:0, instance:runner.RunCucumberTestNG@53fb3dab]" started-at="2024-05-28T21:52:01 IST" name="afterMethod" finished-at="2024-05-28T21:52:01 IST" duration-ms="0" status="PASS">
          <params>
            <param index="0">
              <value>
                <![CDATA[[TestResult name=runScenario status=SUCCESS method=AbstractTestNGCucumberTests.runScenario(io.cucumber.testng.PickleWrapper,io.cucumber.testng.FeatureWrapper)[pri:0, instance:runner.RunCucumberTestNG@53fb3dab] output={null}]]]>
              </value>
            </param>
          </params>
          <reporter-output>
          </reporter-output>
        </test-method> <!-- afterMethod -->
        <test-method is-config="true" signature="afterMethod(org.testng.ITestResult)[pri:0, instance:runner.RunCucumberTestNG@53fb3dab]" started-at="2024-05-28T21:52:01 IST" name="afterMethod" finished-at="2024-05-28T21:52:01 IST" duration-ms="0" status="PASS">
          <params>
            <param index="0">
              <value>
                <![CDATA[[TestResult name=runScenario status=SUCCESS method=AbstractTestNGCucumberTests.runScenario(io.cucumber.testng.PickleWrapper,io.cucumber.testng.FeatureWrapper)[pri:0, instance:runner.RunCucumberTestNG@53fb3dab] output={null}]]]>
              </value>
            </param>
          </params>
          <reporter-output>
          </reporter-output>
        </test-method> <!-- afterMethod -->
        <test-method is-config="true" signature="tearDownClass()[pri:0, instance:runner.RunCucumberTestNG@53fb3dab]" started-at="2024-05-28T21:52:01 IST" name="tearDownClass" finished-at="2024-05-28T21:52:04 IST" duration-ms="2313" status="PASS">
          <reporter-output>
          </reporter-output>
        </test-method> <!-- tearDownClass -->
        <test-method is-config="true" signature="afterClass()[pri:0, instance:runner.RunCucumberTestNG@53fb3dab]" started-at="2024-05-28T21:52:01 IST" name="afterClass" finished-at="2024-05-28T21:52:01 IST" duration-ms="0" status="PASS">
          <reporter-output>
          </reporter-output>
        </test-method> <!-- afterClass -->
        <test-method is-config="true" signature="afterSuite()[pri:0, instance:runner.RunCucumberTestNG@53fb3dab]" started-at="2024-05-28T21:53:04 IST" name="afterSuite" finished-at="2024-05-28T21:53:04 IST" duration-ms="0" status="PASS">
          <reporter-output>
          </reporter-output>
        </test-method> <!-- afterSuite -->
      </class> <!-- runner.RunCucumberTestNG -->
      <class name="com.qa.web.automation.UItest">
        <test-method signature="startBrowser(java.lang.String)[pri:0, instance:com.qa.web.automation.UItest@75437611]" started-at="2024-05-28T21:51:49 IST" name="startBrowser" finished-at="2024-05-28T21:53:04 IST" duration-ms="75178" status="PASS">
          <params>
            <param index="0">
              <value>
                <![CDATA[Edge]]>
              </value>
            </param>
          </params>
          <reporter-output>
          </reporter-output>
        </test-method> <!-- startBrowser -->
      </class> <!-- com.qa.web.automation.UItest -->
      <class name="com.qa.rest.test.GetBddGarnest">
        <test-method signature="testGet1()[pri:0, instance:com.qa.rest.test.GetBddGarnest@7b36aa0c]" started-at="2024-05-28T21:51:49 IST" name="testGet1" finished-at="2024-05-28T21:52:02 IST" duration-ms="13013" status="PASS">
          <reporter-output>
          </reporter-output>
        </test-method> <!-- testGet1 -->
        <test-method signature="testGet2()[pri:0, instance:com.qa.rest.test.GetBddGarnest@7b36aa0c]" started-at="2024-05-28T21:52:02 IST" name="testGet2" finished-at="2024-05-28T21:52:02 IST" duration-ms="469" status="PASS">
          <reporter-output>
          </reporter-output>
        </test-method> <!-- testGet2 -->
      </class> <!-- com.qa.rest.test.GetBddGarnest -->
      <class name="com.qa.rest.test.GetAndPost">
        <test-method signature="listUsers()[pri:0, instance:com.qa.rest.test.GetAndPost@712625fd]" started-at="2024-05-28T21:51:49 IST" name="listUsers" finished-at="2024-05-28T21:52:08 IST" duration-ms="18821" status="PASS">
          <reporter-output>
          </reporter-output>
        </test-method> <!-- listUsers -->
        <test-method signature="createUser()[pri:1, instance:com.qa.rest.test.GetAndPost@712625fd]" started-at="2024-05-28T21:52:08 IST" name="createUser" finished-at="2024-05-28T21:52:09 IST" duration-ms="1140" status="PASS">
          <reporter-output>
          </reporter-output>
        </test-method> <!-- createUser -->
        <test-method signature="deleteUser()[pri:3, instance:com.qa.rest.test.GetAndPost@712625fd]" started-at="2024-05-28T21:52:09 IST" name="deleteUser" finished-at="2024-05-28T21:52:09 IST" duration-ms="434" status="PASS">
          <reporter-output>
          </reporter-output>
        </test-method> <!-- deleteUser -->
        <test-method signature="patchUser()[pri:2, instance:com.qa.rest.test.GetAndPost@712625fd]" started-at="2024-05-28T21:52:09 IST" name="patchUser" finished-at="2024-05-28T21:52:27 IST" depends-on-methods="com.qa.rest.test.GetAndPost.createUser" duration-ms="17301" status="PASS">
          <reporter-output>
          </reporter-output>
        </test-method> <!-- patchUser -->
      </class> <!-- com.qa.rest.test.GetAndPost -->
    </test> <!-- All Test Suite  -->
  </suite> <!-- Suite -->
</testng-results>
