<?xml version="1.0" encoding="UTF-8"?>
<testng-results ignored="0" total="1" passed="1" failed="0" skipped="0">
  <reporter-output>
  </reporter-output>
  <suite started-at="2024-06-19T22:16:27 IST" name="Suite" finished-at="2024-06-19T22:16:32 IST" duration-ms="5339">
    <groups>
    </groups>
    <test started-at="2024-06-19T22:16:27 IST" name="All Test Suite " finished-at="2024-06-19T22:16:32 IST" duration-ms="5339">
      <class name="serialisationAndDeserialisation.DeserialisationJSONResponse">
        <test-method signature="createUser()[pri:0, instance:serialisationAndDeserialisation.DeserialisationJSONResponse@43dac38f]" started-at="2024-06-19T22:16:27 IST" name="createUser" finished-at="2024-06-19T22:16:32 IST" duration-ms="5289" status="PASS">
          <reporter-output>
          </reporter-output>
        </test-method> <!-- createUser -->
      </class> <!-- serialisationAndDeserialisation.DeserialisationJSONResponse -->
    </test> <!-- All Test Suite  -->
  </suite> <!-- Suite -->
</testng-results>
