<?xml version="1.0" encoding="UTF-8"?>
<testsuite xmlns:xsi="http://www.w3.org/2001/XMLSchema-instance" xsi:noNamespaceSchemaLocation="https://maven.apache.org/surefire/maven-surefire-plugin/xsd/surefire-test-report-3.0.xsd" version="3.0" name="TestSuite" time="32.673" tests="10" errors="0" skipped="0" failures="0">
  <properties>
[...]
</properties>
  <testcase name="runScenario[&quot;Verify Status Code1&quot;, &quot;Optional[Http Get Feature]&quot;](1)" classname="runner.RunCucumberTestNG" time="2.172">
    <system-out><![CDATA[Before execution of suite
Before class
Before method
Before method
Before method

@testNG
Scenario: Verify Status Code2               # src/test/resources/features/HttpReqRes.feature:12

@testNG
Scenario: Verify Status Code1               # src/test/resources/features/HttpReqRes.feature:5

@testNG
Scenario: Verify Status Code3               # src/test/resources/features/HttpReqRes.feature:19
  Given I have a valid API endpoint         # com.qa.stepDefinition.HttpReqRes.i_have_a_valid_API_endpoint()
  Given I have a valid API endpoint         # com.qa.stepDefinition.HttpReqRes.i_have_a_valid_API_endpoint()
  Given I have a valid API endpoint         # com.qa.stepDefinition.HttpReqRes.i_have_a_valid_API_endpoint()
  When I send a GET request                 # com.qa.stepDefinition.HttpReqRes.i_send_a_GET_request()
  Then I should receive a valid status code # com.qa.stepDefinition.HttpReqRes.i_should_receive_a_valid_status_code()
]]></system-out>
    <system-err><![CDATA[SLF4J(W): No SLF4J providers were found.
SLF4J(W): Defaulting to no-operation (NOP) logger implementation
SLF4J(W): See https://www.slf4j.org/codes.html#noProviders for further details.
]]></system-err>
  </testcase>
  <testcase name="runScenario[&quot;Verify Status Code2&quot;, &quot;Optional[Http Get Feature]&quot;](2)" classname="runner.RunCucumberTestNG" time="2.772">
    <system-out><![CDATA[Result : [TestResult name=runScenario status=SUCCESS method=AbstractTestNGCucumberTests.runScenario(io.cucumber.testng.PickleWrapper,io.cucumber.testng.FeatureWrapper)[pri:0, instance:runner.RunCucumberTestNG@2a3b5b47] output={null}]
Name : runScenario
Test Name : null
resultStatus : 1
  When I send a GET request                 # com.qa.stepDefinition.HttpReqRes.i_send_a_GET_request()
  Then I should receive a valid status code # com.qa.stepDefinition.HttpReqRes.i_should_receive_a_valid_status_code()
]]></system-out>
  </testcase>
  <testcase name="runScenario[&quot;Verify Status Code3&quot;, &quot;Optional[Http Get Feature]&quot;](3)" classname="runner.RunCucumberTestNG" time="2.774">
    <system-out><![CDATA[Result : [TestResult name=runScenario status=SUCCESS method=AbstractTestNGCucumberTests.runScenario(io.cucumber.testng.PickleWrapper,io.cucumber.testng.FeatureWrapper)[pri:0, instance:runner.RunCucumberTestNG@2a3b5b47] output={null}]
Name : runScenario
Test Name : null
resultStatus : 1
  When I send a GET request                 # com.qa.stepDefinition.HttpReqRes.i_send_a_GET_request()
  Then I should receive a valid status code # com.qa.stepDefinition.HttpReqRes.i_should_receive_a_valid_status_code()
]]></system-out>
  </testcase>
  <testcase name="listUsers" classname="com.qa.rest.test.GetAndPost" time="2.994">
    <system-out><![CDATA[Result : [TestResult name=runScenario status=SUCCESS method=AbstractTestNGCucumberTests.runScenario(io.cucumber.testng.PickleWrapper,io.cucumber.testng.FeatureWrapper)[pri:0, instance:runner.RunCucumberTestNG@2a3b5b47] output={null}]
Name : runScenario
Test Name : null
resultStatus : 1
After Class
]]></system-out>
  </testcase>
  <testcase name="createUser" classname="com.qa.rest.test.GetAndPost" time="0.271">
    <system-out><![CDATA[TestGet 2
]]></system-out>
  </testcase>
  <testcase name="deleteUser" classname="com.qa.rest.test.GetAndPost" time="0.332">
    <system-out><![CDATA[User Deleted by ID: 807
]]></system-out>
  </testcase>
  <testcase name="patchUser" classname="com.qa.rest.test.GetAndPost" time="0.869">
    <system-out><![CDATA[id1 :807
HTTP/1.1 200 OK
Date: Sun, 26 May 2024 07:35:48 GMT
Content-Type: application/json; charset=utf-8
Transfer-Encoding: chunked
Connection: keep-alive
Report-To: {"group":"heroku-nel","max_age":3600,"endpoints":[{"url":"https://nel.heroku.com/reports?ts=1716708948&sid=c4c9725f-1ab0-44d8-820f-430df2718e11&s=Dk7mU6z8g%2BUy8B0rTymN6rEg5%2FjF4fPEWtGLZS2VQqM%3D"}]}
Reporting-Endpoints: heroku-nel=https://nel.heroku.com/reports?ts=1716708948&sid=c4c9725f-1ab0-44d8-820f-430df2718e11&s=Dk7mU6z8g%2BUy8B0rTymN6rEg5%2FjF4fPEWtGLZS2VQqM%3D
Nel: {"report_to":"heroku-nel","max_age":3600,"success_fraction":0.005,"failure_fraction":0.05,"response_headers":["Via"]}
X-Powered-By: Express
Access-Control-Allow-Origin: *
Etag: W/"3f-6HszyoqRs54hooDLFB9RScENV0U"
Via: 1.1 vegur
CF-Cache-Status: DYNAMIC
Server: cloudflare
CF-RAY: 889c172ddda3401b-BOM
Content-Encoding: gzip

{
    "name": "charles singh",
    "updatedAt": "2024-05-26T07:35:48.330Z"
}
]]></system-out>
  </testcase>
  <testcase name="testGet1" classname="com.qa.rest.test.GetBddGarnest" time="0.196">
    <system-out><![CDATA[{"name":"charles","job":"Leader"}
responseTime: 2574
response1: <MRData xmlns="http://ergast.com/mrd/1.5" series="f1" url="http://ergast.com/api/f1/2023/1" limit="30" offset="0" total="1">
  <RaceTable season="2023" round="1">
    <Race season="2023" round="1" url="https://en.wikipedia.org/wiki/2023_Bahrain_Grand_Prix">
      <RaceName>Bahrain Grand Prix</RaceName>
      <Circuit circuitId="bahrain" url="http://en.wikipedia.org/wiki/Bahrain_International_Circuit">
        <CircuitName>Bahrain International Circuit</CircuitName>
        <Location lat="26.0325" long="50.5106">
          <Locality>Sakhir</Locality>
          <Country>Bahrain</Country>
        </Location>
      </Circuit>
      <Date>2023-03-05</Date>
      <Time>15:00:00Z</Time>
      <FirstPractice>
        <Date>2023-03-03</Date>
        <Time>11:30:00Z</Time>
      </FirstPractice>
      <SecondPractice>
        <Date>2023-03-03</Date>
        <Time>15:00:00Z</Time>
      </SecondPractice>
      <ThirdPractice>
        <Date>2023-03-04</Date>
        <Time>11:30:00Z</Time>
      </ThirdPractice>
      <Qualifying>
        <Date>2023-03-04</Date>
        <Time>15:00:00Z</Time>
      </Qualifying>
    </Race>
  </RaceTable>
</MRData>
StatusCode : 200
]]></system-out>
  </testcase>
  <testcase name="testGet2" classname="com.qa.rest.test.GetBddGarnest" time="0.0"/>
  <testcase name="startBrowser" classname="com.qa.web.automation.UItest" time="27.25">
    <system-out><![CDATA[chrome driver connected 
quit browser 
]]></system-out>
  </testcase>
</testsuite>