<?xml version="1.0" encoding="UTF-8"?>
<testng-results ignored="0" total="1" passed="1" failed="0" skipped="0">
  <reporter-output>
  </reporter-output>
  <suite started-at="2024-05-24T13:02:26 IST" name="Default suite" finished-at="2024-05-24T13:02:31 IST" duration-ms="4716">
    <groups>
    </groups>
    <test started-at="2024-05-24T13:02:26 IST" name="Default test" finished-at="2024-05-24T13:02:31 IST" duration-ms="4716">
      <class name="com.qa.rest.test.JsonSchemaValidate">
        <test-method signature="validateSchema()[pri:0, instance:com.qa.rest.test.JsonSchemaValidate@3e11f9e9]" started-at="2024-05-24T13:02:26 IST" name="validateSchema" finished-at="2024-05-24T13:02:31 IST" duration-ms="4679" status="PASS">
          <reporter-output>
          </reporter-output>
        </test-method> <!-- validateSchema -->
      </class> <!-- com.qa.rest.test.JsonSchemaValidate -->
    </test> <!-- Default test -->
  </suite> <!-- Default suite -->
</testng-results>
