<?xml version="1.0" encoding="UTF-8"?>
<testng-results ignored="0" total="1" passed="1" failed="0" skipped="0">
  <reporter-output>
  </reporter-output>
  <suite started-at="2024-06-25T21:09:49 IST" name="Default suite" finished-at="2024-06-25T21:10:19 IST" duration-ms="30332">
    <groups>
    </groups>
    <test started-at="2024-06-25T21:09:49 IST" name="Default test" finished-at="2024-06-25T21:10:19 IST" duration-ms="30332">
      <class name="googleSearch.test.IncognitoAndXpath">
        <test-method signature="incognito()[pri:0, instance:googleSearch.test.IncognitoAndXpath@60099951]" started-at="2024-06-25T21:09:49 IST" name="incognito" finished-at="2024-06-25T21:10:18 IST" duration-ms="29523" status="PASS">
          <reporter-output>
          </reporter-output>
        </test-method> <!-- incognito -->
      </class> <!-- googleSearch.test.IncognitoAndXpath -->
    </test> <!-- Default test -->
  </suite> <!-- Default suite -->
</testng-results>
