<?xml version="1.0" encoding="UTF-8"?>
<testng-results ignored="0" total="1" passed="1" failed="0" skipped="0">
  <reporter-output>
  </reporter-output>
  <suite started-at="2024-06-13T19:52:20 IST" name="Default suite" finished-at="2024-06-13T19:52:58 IST" duration-ms="37427">
    <groups>
    </groups>
    <test started-at="2024-06-13T19:52:20 IST" name="Default test" finished-at="2024-06-13T19:52:58 IST" duration-ms="37427">
      <class name="googleSearch.test.GoogleSearch">
        <test-method is-config="true" signature="setUp()[pri:0, instance:googleSearch.test.GoogleSearch@6bbe85a8]" started-at="2024-06-13T19:52:20 IST" name="setUp" finished-at="2024-06-13T19:52:47 IST" duration-ms="26803" status="PASS">
          <reporter-output>
          </reporter-output>
        </test-method> <!-- setUp -->
        <test-method signature="openTabinChrome()[pri:0, instance:googleSearch.test.GoogleSearch@6bbe85a8]" started-at="2024-06-13T19:52:47 IST" name="openTabinChrome" finished-at="2024-06-13T19:52:58 IST" duration-ms="10569" status="PASS">
          <reporter-output>
          </reporter-output>
        </test-method> <!-- openTabinChrome -->
        <test-method is-config="true" signature="tearDown()[pri:0, instance:googleSearch.test.GoogleSearch@6bbe85a8]" started-at="2024-06-13T19:52:58 IST" name="tearDown" finished-at="2024-06-13T19:52:58 IST" duration-ms="1" status="PASS">
          <reporter-output>
          </reporter-output>
        </test-method> <!-- tearDown -->
      </class> <!-- googleSearch.test.GoogleSearch -->
    </test> <!-- Default test -->
  </suite> <!-- Default suite -->
</testng-results>
