<?xml version="1.0" encoding="UTF-8"?>
<testng-results ignored="0" total="3" passed="3" failed="0" skipped="0">
  <reporter-output>
  </reporter-output>
  <suite started-at="2024-06-10T22:34:19 IST" name="Default suite" finished-at="2024-06-10T22:34:19 IST" duration-ms="113">
    <groups>
    </groups>
    <test started-at="2024-06-10T22:34:19 IST" name="Default test" finished-at="2024-06-10T22:34:19 IST" duration-ms="113">
      <class name="dataDrivenTesting.ReadCSVFile">
        <test-method signature="readCsvFile(java.util.TreeMap)[pri:0, instance:dataDrivenTesting.ReadCSVFile@740cae06]" started-at="2024-06-10T22:34:19 IST" name="readCsvFile" data-provider="testdatacsv" finished-at="2024-06-10T22:34:19 IST" duration-ms="11" status="PASS">
          <params>
            <param index="0">
              <value>
                <![CDATA[{age=24, firstname=charles1, lastname=singh1}]]>
              </value>
            </param>
          </params>
          <reporter-output>
          </reporter-output>
        </test-method> <!-- readCsvFile -->
        <test-method signature="readCsvFile(java.util.TreeMap)[pri:0, instance:dataDrivenTesting.ReadCSVFile@740cae06]" started-at="2024-06-10T22:34:19 IST" name="readCsvFile" data-provider="testdatacsv" finished-at="2024-06-10T22:34:19 IST" duration-ms="2" status="PASS">
          <params>
            <param index="0">
              <value>
                <![CDATA[{age=25, firstname=charles2, lastname=singh2}]]>
              </value>
            </param>
          </params>
          <reporter-output>
          </reporter-output>
        </test-method> <!-- readCsvFile -->
        <test-method signature="readCsvFile(java.util.TreeMap)[pri:0, instance:dataDrivenTesting.ReadCSVFile@740cae06]" started-at="2024-06-10T22:34:19 IST" name="readCsvFile" data-provider="testdatacsv" finished-at="2024-06-10T22:34:19 IST" duration-ms="3" status="PASS">
          <params>
            <param index="0">
              <value>
                <![CDATA[{age=26, firstname=charles3, lastname=singh3}]]>
              </value>
            </param>
          </params>
          <reporter-output>
          </reporter-output>
        </test-method> <!-- readCsvFile -->
      </class> <!-- dataDrivenTesting.ReadCSVFile -->
    </test> <!-- Default test -->
  </suite> <!-- Default suite -->
</testng-results>
