<?xml version="1.0" encoding="UTF-8"?>
<testng-results ignored="0" total="1" passed="1" failed="0" skipped="0">
  <reporter-output>
  </reporter-output>
  <suite started-at="2024-05-26T12:41:45 IST" name="Default suite" finished-at="2024-05-26T12:42:20 IST" duration-ms="34602">
    <groups>
    </groups>
    <test started-at="2024-05-26T12:41:45 IST" name="Default test" finished-at="2024-05-26T12:42:20 IST" duration-ms="34602">
      <class name="com.qa.web.automation.UItest">
        <test-method signature="startBrowser()[pri:0, instance:com.qa.web.automation.UItest@4686afc2]" started-at="2024-05-26T12:41:45 IST" name="startBrowser" finished-at="2024-05-26T12:42:20 IST" duration-ms="34575" status="PASS">
          <reporter-output>
          </reporter-output>
        </test-method> <!-- startBrowser -->
      </class> <!-- com.qa.web.automation.UItest -->
    </test> <!-- Default test -->
  </suite> <!-- Default suite -->
</testng-results>
