<?xml version="1.0" encoding="UTF-8"?>
<testng-results ignored="0" total="1" passed="1" failed="0" skipped="0">
  <reporter-output>
  </reporter-output>
  <suite started-at="2024-06-19T22:08:03 IST" name="Default suite" finished-at="2024-06-19T22:08:08 IST" duration-ms="5024">
    <groups>
    </groups>
    <test started-at="2024-06-19T22:08:03 IST" name="Default test" finished-at="2024-06-19T22:08:08 IST" duration-ms="5024">
      <class name="serialisationAndDeserialisation.DeserialisationJSONResponse">
        <test-method signature="createUser()[pri:0, instance:serialisationAndDeserialisation.DeserialisationJSONResponse@2794eab6]" started-at="2024-06-19T22:08:03 IST" name="createUser" finished-at="2024-06-19T22:08:08 IST" duration-ms="4969" status="PASS">
          <reporter-output>
          </reporter-output>
        </test-method> <!-- createUser -->
      </class> <!-- serialisationAndDeserialisation.DeserialisationJSONResponse -->
    </test> <!-- Default test -->
  </suite> <!-- Default suite -->
</testng-results>
